<?xml version="1.0" encoding="utf-8"?><testsuites name="pytest tests"><testsuite name="pytest" errors="0" failures="0" skipped="1" tests="8" time="2.855" timestamp="2026-07-09T01:37:52.402350+00:00" hostname="agent-env-db8c8dfe-b217-4c04-badc-9aede97bfe33"><testcase classname="tests.test_iter13_email_removal.TestAnonSessionNoEmail" name="test_anon_session_created_without_email" time="0.152" /><testcase classname="tests.test_iter13_email_removal.TestAnonSessionNoEmail" name="test_anon_session_no_email_field_required" time="0.001" /><testcase classname="tests.test_iter13_email_removal.TestQuickReplies" name="test_create_quick_reply_as_admin" time="0.603" /><testcase classname="tests.test_iter13_email_removal.TestFrontendTestMsgAbsence" name="test_settings_do_not_contain_test_strings" time="0.549" /><testcase classname="tests.test_iter13_email_removal.TestQuickReplies" name="test_agent_sees_quick_reply" time="0.550" /><testcase classname="tests.test_iter13_email_removal.TestFileUpload" name="test_customer_upload_and_agent_download" time="1.274" /><testcase classname="tests.test_iter13_email_removal.TestQuickReplies" name="test_delete_quick_reply" time="0.403" /><testcase classname="tests.test_iter13_email_removal.TestSchedulerDefault" name="test_no_frontend_test_msg_in_messages" time="0.101"><skipped type="pytest.skip" message="admin/sessions not available">/app/backend/tests/test_iter13_email_removal.py:178: admin/sessions not available</skipped></testcase></testsuite></testsuites>