<?xml version="1.0" encoding="utf-8"?><testsuites name="pytest tests"><testsuite name="pytest" errors="0" failures="0" skipped="0" tests="6" time="1.743" timestamp="2026-07-08T07:33:11.522019+00:00" hostname="agent-env-db8c8dfe-b217-4c04-badc-9aede97bfe33"><testcase classname="tests.test_iter12_threads" name="test_threads_requires_auth" time="0.006" /><testcase classname="tests.test_iter12_threads" name="test_threads_404_for_unknown_session" time="0.232" /><testcase classname="tests.test_iter12_threads" name="test_threads_returns_both_anon_sessions_by_client_id" time="0.065" /><testcase classname="tests.test_iter12_threads" name="test_threads_excludes_soft_deleted_messages" time="0.010" /><testcase classname="tests.test_iter12_threads" name="test_threads_links_by_customer_email_when_no_client_id" time="0.066" /><testcase classname="tests.test_iter12_threads" name="test_regression_public_close" time="1.297" /></testsuite></testsuites>