<?xml version="1.0" encoding="utf-8"?><testsuites name="pytest tests"><testsuite name="pytest" errors="0" failures="0" skipped="0" tests="3" time="12.956" timestamp="2026-07-04T01:28:42.200725+00:00" hostname="agent-env-db8c8dfe-b217-4c04-badc-9aede97bfe33"><testcase classname="tests.test_iter5_refactor.TestAgentToCustomerTyping" name="test_agent_typing_reaches_customer" time="0.549" /><testcase classname="tests.test_iter5_refactor.TestListAgentsAggregationDynamic" name="test_active_chat_count_dynamic" time="5.316" /><testcase classname="tests.test_iter3_fixes.TestReconnectPreservesAutoBusy" name="test_reconnect_does_not_flip_busy_to_online" time="7.018" /></testsuite></testsuites>