<?xml version="1.0" encoding="utf-8"?><testsuites name="pytest tests"><testsuite name="pytest" errors="0" failures="0" skipped="0" tests="10" time="11.259" timestamp="2026-07-17T03:39:19.743161+00:00" hostname="agent-env-db8c8dfe-b217-4c04-badc-9aede97bfe33"><testcase classname="tests.test_iter15_features.TestLilyLang" name="test_lily_status_en" time="0.205" /><testcase classname="tests.test_iter15_features.TestLilyLang" name="test_lily_status_zh_options_chinese" time="0.096" /><testcase classname="tests.test_iter15_features.TestLilyLang" name="test_lily_status_ms_options_malay" time="0.102" /><testcase classname="tests.test_iter15_features.TestLilyLang" name="test_lily_open_zh_greeting" time="0.217" /><testcase classname="tests.test_iter15_features.TestSinceIdReplayCustomer" name="test_customer_sync_replay" time="4.837" /><testcase classname="tests.test_iter15_features.TestSinceIdReplayCustomer" name="test_agent_sync_replay" time="4.220" /><testcase classname="tests.test_iter15_features.TestAuditTrail" name="test_edit_twice_and_audit" time="1.188" /><testcase classname="tests.test_iter15_features.TestAuditTrail" name="test_non_admin_cannot_access_audit" time="0.097" /><testcase classname="tests.test_iter15_features.TestRegressions" name="test_public_settings_no_frontend_test_msg" time="0.109" /><testcase classname="tests.test_iter15_features.TestRegressions" name="test_admin_settings_no_frontend_test_msg" time="0.108" /></testsuite></testsuites>