<?xml version="1.0" encoding="utf-8"?><testsuites name="pytest tests"><testsuite name="pytest" errors="0" failures="0" skipped="0" tests="40" time="24.791" timestamp="2026-07-04T01:27:42.907921+00:00" hostname="agent-env-db8c8dfe-b217-4c04-badc-9aede97bfe33"><testcase classname="tests.backend_test.TestAuth" name="test_admin_login" time="0.232" /><testcase classname="tests.backend_test.TestAuth" name="test_agent_login" time="0.229" /><testcase classname="tests.backend_test.TestAuth" name="test_login_invalid" time="0.227" /><testcase classname="tests.backend_test.TestAuth" name="test_me" time="0.229" /><testcase classname="tests.backend_test.TestAuth" name="test_me_no_auth" time="0.001" /><testcase classname="tests.backend_test.TestChatSessions" name="test_create_session_public" time="0.024" /><testcase classname="tests.backend_test.TestChatSessions" name="test_list_sessions_requires_auth" time="0.002" /><testcase classname="tests.backend_test.TestChatSessions" name="test_list_sessions" time="0.290" /><testcase classname="tests.backend_test.TestChatSessions" name="test_get_session" time="0.003" /><testcase classname="tests.backend_test.TestWebSocket" name="test_ws_agent_and_customer_bidirectional" time="0.105" /><testcase classname="tests.backend_test.TestWebSocket" name="test_ws_customer_invalid_token" time="0.003" /><testcase classname="tests.backend_test.TestUpload" name="test_upload_as_agent" time="0.684" /><testcase classname="tests.backend_test.TestUpload" name="test_upload_as_customer" time="0.421" /><testcase classname="tests.backend_test.TestUpload" name="test_upload_disallowed_ext" time="0.002" /><testcase classname="tests.backend_test.TestUpload" name="test_upload_no_auth" time="0.002" /><testcase classname="tests.backend_test.TestMessageOps" name="test_edit_own_message" time="0.050" /><testcase classname="tests.backend_test.TestMessageOps" name="test_edit_others_message_forbidden" time="0.003" /><testcase classname="tests.backend_test.TestMessageOps" name="test_delete_own_message" time="0.003" /><testcase classname="tests.backend_test.TestAI" name="test_ai_suggest" time="7.102" /><testcase classname="tests.backend_test.TestAI" name="test_ai_summarize" time="1.427" /><testcase classname="tests.backend_test.TestCloseAndCsat" name="test_close_session_and_csat" time="0.012" /><testcase classname="tests.backend_test.TestQuickReplies" name="test_list_seeded" time="0.003" /><testcase classname="tests.backend_test.TestQuickReplies" name="test_create_and_delete" time="0.013" /><testcase classname="tests.backend_test.TestAgents" name="test_list_agents" time="0.006" /><testcase classname="tests.backend_test.TestAgents" name="test_create_delete_by_admin" time="0.235" /><testcase classname="tests.backend_test.TestAgents" name="test_create_by_non_admin_forbidden" time="0.003" /><testcase classname="tests.backend_test.TestAgents" name="test_update_status" time="0.004" /><testcase classname="tests.backend_test.TestAdmin" name="test_metrics_admin" time="0.011" /><testcase classname="tests.backend_test.TestAdmin" name="test_metrics_forbidden_for_agent" time="0.003" /><testcase classname="tests.backend_test.TestAdmin" name="test_settings_get" time="0.003" /><testcase classname="tests.backend_test.TestAdmin" name="test_settings_patch" time="0.003" /><testcase classname="tests.backend_test.TestAdmin" name="test_public_settings" time="0.002" /><testcase classname="tests.test_new_features.TestClosedChatBug" name="test_customer_send_after_close_is_rejected" time="3.578" /><testcase classname="tests.test_new_features.TestClosedChatBug" name="test_customer_ws_on_closed_session_receives_notice_on_connect" time="0.009" /><testcase classname="tests.test_new_features.TestArchive" name="test_session_after_close_has_archived_at" time="2.418" /><testcase classname="tests.test_new_features.TestArchive" name="test_archive_search_requires_auth" time="0.002" /><testcase classname="tests.test_new_features.TestAgentLoad" name="test_me_load" time="0.228" /><testcase classname="tests.test_new_features.TestAgentLoad" name="test_list_agents_has_counts" time="0.007" /><testcase classname="tests.test_new_features.TestTypingPreview" name="test_customer_typing_relayed_with_preview" time="0.309" /><testcase classname="tests.test_new_features.TestChatCap" name="test_auto_busy_and_no_autoassign_at_cap" time="6.794" /></testsuite></testsuites>