<?xml version="1.0" encoding="utf-8"?><testsuites name="pytest tests"><testsuite name="pytest" errors="0" failures="0" skipped="0" tests="4" time="9.368" timestamp="2026-07-29T03:34:32.086964+00:00" hostname="agent-env-db8c8dfe-b217-4c04-badc-9aede97bfe33"><testcase classname="tests.test_iter19_deposit_confirm.TestDepositHandoffParity" name="test_handoff_after_confirm_yes" time="8.576" /><testcase classname="tests.test_iter19_deposit_confirm.TestLilyStatusI18n" name="test_status_has_all_fields_en" time="0.355" /><testcase classname="tests.test_iter19_deposit_confirm.TestLilyStatusI18n" name="test_status_zh" time="0.048" /><testcase classname="tests.test_iter19_deposit_confirm.TestLilyStatusI18n" name="test_status_ms" time="0.050" /></testsuite></testsuites>