<?xml version="1.0" encoding="utf-8"?><testsuites name="pytest tests"><testsuite name="pytest" errors="0" failures="0" skipped="0" tests="8" time="29.157" timestamp="2026-07-17T05:28:56.062236+00:00" hostname="agent-env-db8c8dfe-b217-4c04-badc-9aede97bfe33"><testcase classname="tests.test_iter18_auto_assign" name="test_happy_path_status_open_and_assigned" time="0.848" /><testcase classname="tests.test_iter18_auto_assign" name="test_no_pending_sessions_in_listing" time="0.129" /><testcase classname="tests.test_iter18_auto_assign" name="test_pending_filter_returns_none" time="0.095" /><testcase classname="tests.test_iter18_auto_assign" name="test_no_stale_test_iter17_sessions" time="0.112" /><testcase classname="tests.test_iter18_auto_assign" name="test_ws_broadcasts_new_session_not_pending_offer" time="9.241" /><testcase classname="tests.test_iter18_auto_assign" name="test_queued_then_promote" time="1.094" /><testcase classname="tests.test_iter18_auto_assign" name="test_legacy_accept_endpoint_not_needed" time="0.326" /><testcase classname="tests.test_iter18_auto_assign" name="test_zzz_cleanup_iter18" time="17.243" /></testsuite></testsuites>