<?xml version="1.0" encoding="utf-8"?><testsuites name="pytest tests"><testsuite name="pytest" errors="0" failures="0" skipped="0" tests="8" time="8.859" timestamp="2026-07-08T01:01:43.981840+00:00" hostname="agent-env-db8c8dfe-b217-4c04-badc-9aede97bfe33"><testcase classname="tests.test_iter9_lily_realistic" name="test_anon_session_shape" time="0.146" /><testcase classname="tests.test_iter9_lily_realistic" name="test_lily_tts_returns_mp3" time="5.985" /><testcase classname="tests.test_iter9_lily_realistic" name="test_lily_tts_empty_text_rejected" time="0.205" /><testcase classname="tests.test_iter9_lily_realistic" name="test_lily_regreet_excludes_previous" time="0.917" /><testcase classname="tests.test_iter9_lily_realistic" name="test_lily_regreet_invalid_token" time="0.113" /><testcase classname="tests.test_iter9_lily_realistic" name="test_lily_handoff_saves_message_and_routes" time="0.438" /><testcase classname="tests.test_iter9_lily_realistic" name="test_lily_status_options_english" time="0.108" /><testcase classname="tests.test_iter9_lily_realistic" name="test_lily_realistic_png_served" time="0.160" /></testsuite></testsuites>