<?xml version="1.0" encoding="utf-8"?><testsuites name="pytest tests"><testsuite name="pytest" errors="0" failures="0" skipped="0" tests="12" time="21.628" timestamp="2026-07-07T01:08:02.027095+00:00" hostname="agent-env-db8c8dfe-b217-4c04-badc-9aede97bfe33"><testcase classname="tests.test_iter7_lily" name="test_lily_status_enabled" time="0.227" /><testcase classname="tests.test_iter7_lily" name="test_lily_open_first_time" time="0.221" /><testcase classname="tests.test_iter7_lily" name="test_lily_reply_angry_emotion" time="6.246" /><testcase classname="tests.test_iter7_lily" name="test_lily_reply_handoff_intent" time="3.233" /><testcase classname="tests.test_iter7_lily" name="test_lily_handoff_endpoint" time="0.331" /><testcase classname="tests.test_iter7_lily" name="test_customer_memory_persists" time="4.026" /><testcase classname="tests.test_iter7_lily" name="test_emotion_update_broadcast" time="4.979" /><testcase classname="tests.test_iter7_lily" name="test_admin_toggle_disables_lily" time="0.789" /><testcase classname="tests.test_iter7_lily" name="test_regression_auth_me" time="0.104" /><testcase classname="tests.test_iter7_lily" name="test_regression_admin_settings_get" time="0.108" /><testcase classname="tests.test_iter7_lily" name="test_regression_session_creation" time="0.109" /><testcase classname="tests.test_iter7_lily" name="test_regression_agents_list" time="0.112" /></testsuite></testsuites>