<?xml version="1.0" encoding="utf-8"?><testsuites name="pytest tests"><testsuite name="pytest" errors="0" failures="0" skipped="0" tests="9" time="8.723" timestamp="2026-07-08T06:54:59.162917+00:00" hostname="agent-env-db8c8dfe-b217-4c04-badc-9aede97bfe33"><testcase classname="tests.test_iter10_bug_fixes.TestBug2RealIP" name="test_x_forwarded_for_first_ip" time="0.202" /><testcase classname="tests.test_iter10_bug_fixes.TestBug2RealIP" name="test_x_real_ip_fallback" time="0.008" /><testcase classname="tests.test_iter10_bug_fixes.TestBug2RealIP" name="test_ip_present_in_agent_view" time="0.518" /><testcase classname="tests.test_iter10_bug_fixes.TestBug1QueuePromotion" name="test_promote_on_agent_online" time="1.934" /><testcase classname="tests.test_iter10_bug_fixes.TestBug1QueuePromotion" name="test_promote_on_close" time="3.193" /><testcase classname="tests.test_iter10_bug_fixes.TestBug3PublicClose" name="test_public_close_success" time="0.324" /><testcase classname="tests.test_iter10_bug_fixes.TestBug3PublicClose" name="test_public_close_wrong_token" time="0.213" /><testcase classname="tests.test_iter10_bug_fixes.TestBug3PublicClose" name="test_public_close_promotes_queue" time="1.920" /><testcase classname="tests.test_iter10_bug_fixes.TestBug3PublicClose" name="test_public_close_idempotent" time="0.334" /></testsuite></testsuites>