<?xml version="1.0" encoding="utf-8"?><testsuites name="pytest tests"><testsuite name="pytest" errors="0" failures="3" skipped="0" tests="49" time="20.289" timestamp="2026-07-04T02:14:54.282185+00:00" hostname="agent-env-db8c8dfe-b217-4c04-badc-9aede97bfe33"><testcase classname="tests.backend_test.TestAuth" name="test_admin_login" time="0.231" /><testcase classname="tests.backend_test.TestAuth" name="test_agent_login" time="0.230" /><testcase classname="tests.backend_test.TestAuth" name="test_login_invalid" time="0.229" /><testcase classname="tests.backend_test.TestAuth" name="test_me" time="0.234" /><testcase classname="tests.backend_test.TestAuth" name="test_me_no_auth" time="0.003" /><testcase classname="tests.backend_test.TestChatSessions" name="test_create_session_public" time="0.006" /><testcase classname="tests.backend_test.TestChatSessions" name="test_list_sessions_requires_auth" time="0.002" /><testcase classname="tests.backend_test.TestChatSessions" name="test_list_sessions" time="0.307" /><testcase classname="tests.backend_test.TestChatSessions" name="test_get_session" time="0.004" /><testcase classname="tests.backend_test.TestWebSocket" name="test_ws_agent_and_customer_bidirectional" time="0.057" /><testcase classname="tests.backend_test.TestWebSocket" name="test_ws_customer_invalid_token" time="0.004" /><testcase classname="tests.backend_test.TestUpload" name="test_upload_as_agent" time="0.509" /><testcase classname="tests.backend_test.TestUpload" name="test_upload_as_customer" time="0.457" /><testcase classname="tests.backend_test.TestUpload" name="test_upload_disallowed_ext" time="0.003" /><testcase classname="tests.backend_test.TestUpload" name="test_upload_no_auth" time="0.002" /><testcase classname="tests.backend_test.TestMessageOps" name="test_edit_own_message" time="0.051" /><testcase classname="tests.backend_test.TestMessageOps" name="test_edit_others_message_forbidden" time="0.004" /><testcase classname="tests.backend_test.TestMessageOps" name="test_delete_own_message" time="0.004" /><testcase classname="tests.backend_test.TestAI" name="test_ai_suggest" time="2.818" /><testcase classname="tests.backend_test.TestAI" name="test_ai_summarize" time="1.368" /><testcase classname="tests.backend_test.TestCloseAndCsat" name="test_close_session_and_csat" time="0.018" /><testcase classname="tests.backend_test.TestQuickReplies" name="test_list_seeded" time="0.005" /><testcase classname="tests.backend_test.TestQuickReplies" name="test_create_and_delete" time="0.006" /><testcase classname="tests.backend_test.TestAgents" name="test_list_agents" time="0.004" /><testcase classname="tests.backend_test.TestAgents" name="test_create_delete_by_admin" time="0.235" /><testcase classname="tests.backend_test.TestAgents" name="test_create_by_non_admin_forbidden" time="0.004" /><testcase classname="tests.backend_test.TestAgents" name="test_update_status" time="0.004" /><testcase classname="tests.backend_test.TestAdmin" name="test_metrics_admin" time="0.026" /><testcase classname="tests.backend_test.TestAdmin" name="test_metrics_forbidden_for_agent" time="0.009" /><testcase classname="tests.backend_test.TestAdmin" name="test_settings_get" time="0.004" /><testcase classname="tests.backend_test.TestAdmin" name="test_settings_patch" time="0.006" /><testcase classname="tests.backend_test.TestAdmin" name="test_public_settings" time="0.004" /><testcase classname="tests.test_iter3_fixes.TestReconnectPreservesAutoBusy" name="test_reconnect_does_not_flip_busy_to_online" time="0.712"><failure message="AssertionError: {&quot;detail&quot;:&quot;Too many chats started. Please wait a while and try again (limit: 5/hour).&quot;}&#10;assert 429 == 200&#10; +  where 429 = &lt;Response [429]&gt;.status_code">E   AssertionError: {"detail":"Too many chats started. Please wait a while and try again (limit: 5/hour)."}
    assert 429 == 200
     +  where 429 = &lt;Response [429]&gt;.status_code</failure></testcase><testcase classname="tests.test_iter5_refactor.TestAgentToCustomerTyping" name="test_agent_typing_reaches_customer" time="0.546" /><testcase classname="tests.test_iter5_refactor.TestListAgentsAggregationDynamic" name="test_active_chat_count_dynamic" time="2.283"><failure message="AssertionError: after 3 assigns, got {'id': 'd5609911-10ae-4b2b-862b-b0f08a8f7818', 'email': 'testagg_1783131302@ex.com', 'name': 'TEST_AggAgent', 'role': 'agent', 'status': 'offline', 'created_at': '2026-07-04T02:15:02.923416+00:00', 'active_chat_count': 0, 'max_active_chats': 20}&#10;assert 0 == 3">E   AssertionError: after 3 assigns, got {'id': 'd5609911-10ae-4b2b-862b-b0f08a8f7818', 'email': 'testagg_1783131302@ex.com', 'name': 'TEST_AggAgent', 'role': 'agent', 'status': 'offline', 'created_at': '2026-07-04T02:15:02.923416+00:00', 'active_chat_count': 0, 'max_active_chats': 20}
    assert 0 == 3</failure></testcase><testcase classname="tests.test_iter6_features.TestRefresh" name="test_refresh_with_valid_token_returns_new_token" time="0.233" /><testcase classname="tests.test_iter6_features.TestRefresh" name="test_refresh_without_token_returns_401" time="0.002" /><testcase classname="tests.test_iter6_features.TestRefresh" name="test_refresh_with_invalid_signature_returns_401" time="0.232" /><testcase classname="tests.test_iter6_features.TestRateLimit" name="test_6th_session_from_same_ip_returns_429" time="0.046" /><testcase classname="tests.test_iter6_features.TestQueueAndRouting" name="test_queue_when_no_agent_online_and_least_busy_when_agents_available" time="2.000" /><testcase classname="tests.test_iter6_features.TestInactivityScheduler" name="test_settings_patch_and_scheduler_tick_sends_auto_message_and_closes" time="0.252" /><testcase classname="tests.test_new_features.TestClosedChatBug" name="test_customer_send_after_close_is_rejected" time="3.596" /><testcase classname="tests.test_new_features.TestClosedChatBug" name="test_customer_ws_on_closed_session_receives_notice_on_connect" time="0.015" /><testcase classname="tests.test_new_features.TestArchive" name="test_session_after_close_has_archived_at" time="2.405" /><testcase classname="tests.test_new_features.TestArchive" name="test_archive_search_requires_auth" time="0.003" /><testcase classname="tests.test_new_features.TestAgentLoad" name="test_me_load" time="0.230" /><testcase classname="tests.test_new_features.TestAgentLoad" name="test_list_agents_has_counts" time="0.005" /><testcase classname="tests.test_new_features.TestTypingPreview" name="test_customer_typing_relayed_with_preview" time="0.312" /><testcase classname="tests.test_new_features.TestChatCap" name="test_auto_busy_and_no_autoassign_at_cap" time="0.480"><failure message="AssertionError: {&quot;detail&quot;:&quot;Too many chats started. Please wait a while and try again (limit: 5/hour).&quot;}&#10;assert 429 == 200&#10; +  where 429 = &lt;Response [429]&gt;.status_code">E   AssertionError: {"detail":"Too many chats started. Please wait a while and try again (limit: 5/hour)."}
    assert 429 == 200
     +  where 429 = &lt;Response [429]&gt;.status_code</failure></testcase></testsuite></testsuites>