<?xml version="1.0" encoding="utf-8"?><testsuites name="pytest tests"><testsuite name="pytest" errors="0" failures="0" skipped="0" tests="11" time="19.418" timestamp="2026-07-17T05:09:24.231906+00:00" hostname="agent-env-db8c8dfe-b217-4c04-badc-9aede97bfe33"><testcase classname="tests.test_iter17_ux_bugs.TestBug2AnonymousLilyStatus" name="test_anon_session_created_with_status_lily" time="0.195" /><testcase classname="tests.test_iter17_ux_bugs.TestBug2AnonymousLilyStatus" name="test_lily_session_excluded_from_default_agent_listing" time="0.557" /><testcase classname="tests.test_iter17_ux_bugs.TestBug2AnonymousLilyStatus" name="test_lily_status_filter_returns_lily_sessions" time="0.522" /><testcase classname="tests.test_iter17_ux_bugs.TestBug2AnonymousLilyStatus" name="test_handoff_flips_to_pending_or_queued_and_appears_in_listing" time="0.428" /><testcase classname="tests.test_iter17_ux_bugs.TestBug2PrechatLilyStatus" name="test_prechat_session_created_with_status_lily" time="0.093" /><testcase classname="tests.test_iter17_ux_bugs.TestBug2PrechatLilyStatus" name="test_prechat_excluded_from_default_listing" time="0.233" /><testcase classname="tests.test_iter17_ux_bugs.TestBug2PrechatLilyStatus" name="test_prechat_handoff_flips_status" time="0.194" /><testcase classname="tests.test_iter17_ux_bugs.TestBug2WebSocketEvents" name="test_no_pending_offer_at_creation_but_at_handoff" time="7.005" /><testcase classname="tests.test_iter17_ux_bugs.TestBug1ThreadHistory" name="test_threads_endpoint_returns_all_sessions_for_client_id" time="7.295" /><testcase classname="tests.test_iter17_ux_bugs.TestBug3CloseSessionEndpoint" name="test_agent_close_endpoint_works" time="2.596" /><testcase classname="tests.test_iter17_ux_bugs.TestBug3CloseSessionEndpoint" name="test_customer_public_close_endpoint_works" time="0.237" /></testsuite></testsuites>