<?xml version="1.0" encoding="utf-8"?><testsuites name="pytest tests"><testsuite name="pytest" errors="0" failures="0" skipped="0" tests="5" time="2.900" timestamp="2026-07-17T02:42:40.936750+00:00" hostname="agent-env-db8c8dfe-b217-4c04-badc-9aede97bfe33"><testcase classname="tests.test_iter14_heal_reconnect" name="test_public_messages_endpoint_requires_token" time="0.379" /><testcase classname="tests.test_iter14_heal_reconnect" name="test_public_messages_endpoint_returns_empty_initially" time="0.134" /><testcase classname="tests.test_iter14_heal_reconnect" name="test_customer_upload_and_ws_message_persists_and_is_visible_via_rest" time="1.411" /><testcase classname="tests.test_iter14_heal_reconnect" name="test_agent_message_visible_via_customer_heal_endpoint" time="0.319" /><testcase classname="tests.test_iter14_heal_reconnect" name="test_no_frontend_test_msg_and_defaults" time="0.129" /></testsuite></testsuites>