<?xml version="1.0" encoding="utf-8"?><testsuites name="pytest tests"><testsuite name="pytest" errors="0" failures="0" skipped="0" tests="5" time="2.900" timestamp="2026-07-08T07:18:48.407446+00:00" hostname="agent-env-db8c8dfe-b217-4c04-badc-9aede97bfe33"><testcase classname="tests.test_iter11_bugs.TestRegression" name="test_public_close_endpoint_exists" time="1.940" /><testcase classname="tests.test_iter11_bugs.TestBug4AnonHistory" name="test_two_anon_sessions_same_client_id_share_history" time="2.007" /><testcase classname="tests.test_iter11_bugs.TestRegression" name="test_lily_open_greeting" time="0.276" /><testcase classname="tests.test_iter11_bugs.TestBug4AnonHistory" name="test_non_anon_email_lookup_is_literal" time="0.350" /><testcase classname="tests.test_iter11_bugs.TestBug6Audit" name="test_no_frontend_test_msg_string_in_repo" time="0.016" /></testsuite></testsuites>