<?xml version="1.0" encoding="utf-8"?><testsuites name="pytest tests"><testsuite name="pytest" errors="0" failures="0" skipped="0" tests="6" time="10.491" timestamp="2026-07-17T04:43:28.656762+00:00" hostname="agent-env-db8c8dfe-b217-4c04-badc-9aede97bfe33"><testcase classname="tests.test_iter16_sprint" name="test_fc_pending_happy_path" time="1.265" /><testcase classname="tests.test_iter16_sprint" name="test_fc_timeout_reassignment" time="7.113" /><testcase classname="tests.test_iter16_sprint" name="test_fc_wrong_agent_accept_forbidden" time="0.516" /><testcase classname="tests.test_iter16_sprint" name="test_fa_attachment_audit_on_delete" time="0.906" /><testcase classname="tests.test_iter16_sprint" name="test_fa_attachment_audit_on_edit" time="0.511" /><testcase classname="tests.test_iter16_sprint" name="test_regression_no_frontend_test_msg" time="0.101" /></testsuite></testsuites>