<?xml version="1.0" encoding="utf-8"?><testsuites name="pytest tests"><testsuite name="pytest" errors="0" failures="0" skipped="0" tests="32" time="10.398" timestamp="2026-07-03T01:48:02.206299+00:00" hostname="agent-env-db8c8dfe-b217-4c04-badc-9aede97bfe33"><testcase classname="tests.backend_test.TestAuth" name="test_admin_login" time="0.501" /><testcase classname="tests.backend_test.TestAuth" name="test_agent_login" time="0.499" /><testcase classname="tests.backend_test.TestAdmin" name="test_metrics_admin" time="1.015" /><testcase classname="tests.backend_test.TestAuth" name="test_login_invalid" time="0.320" /><testcase classname="tests.backend_test.TestAdmin" name="test_metrics_forbidden_for_agent" time="0.817" /><testcase classname="tests.backend_test.TestAuth" name="test_me" time="0.628" /><testcase classname="tests.backend_test.TestAdmin" name="test_settings_get" time="0.174" /><testcase classname="tests.backend_test.TestAuth" name="test_me_no_auth" time="0.093" /><testcase classname="tests.backend_test.TestAdmin" name="test_settings_patch" time="0.327" /><testcase classname="tests.backend_test.TestChatSessions" name="test_create_session_public" time="0.118" /><testcase classname="tests.backend_test.TestChatSessions" name="test_list_sessions_requires_auth" time="0.141" /><testcase classname="tests.backend_test.TestAdmin" name="test_public_settings" time="0.294" /><testcase classname="tests.backend_test.TestChatSessions" name="test_list_sessions" time="0.765" /><testcase classname="tests.backend_test.TestUpload" name="test_upload_as_agent" time="0.731" /><testcase classname="tests.backend_test.TestChatSessions" name="test_get_session" time="0.294" /><testcase classname="tests.backend_test.TestAgents" name="test_list_agents" time="0.167" /><testcase classname="tests.backend_test.TestUpload" name="test_upload_as_customer" time="0.942" /><testcase classname="tests.backend_test.TestAgents" name="test_create_delete_by_admin" time="0.772" /><testcase classname="tests.backend_test.TestUpload" name="test_upload_disallowed_ext" time="0.097" /><testcase classname="tests.backend_test.TestAgents" name="test_create_by_non_admin_forbidden" time="0.096" /><testcase classname="tests.backend_test.TestUpload" name="test_upload_no_auth" time="0.104" /><testcase classname="tests.backend_test.TestAgents" name="test_update_status" time="0.102" /><testcase classname="tests.backend_test.TestWebSocket" name="test_ws_agent_and_customer_bidirectional" time="0.470" /><testcase classname="tests.backend_test.TestMessageOps" name="test_edit_own_message" time="0.320" /><testcase classname="tests.backend_test.TestMessageOps" name="test_edit_others_message_forbidden" time="0.100" /><testcase classname="tests.backend_test.TestMessageOps" name="test_delete_own_message" time="0.095" /><testcase classname="tests.backend_test.TestWebSocket" name="test_ws_customer_invalid_token" time="0.145" /><testcase classname="tests.backend_test.TestQuickReplies" name="test_list_seeded" time="0.119" /><testcase classname="tests.backend_test.TestAI" name="test_ai_suggest" time="3.147" /><testcase classname="tests.backend_test.TestQuickReplies" name="test_create_and_delete" time="1.725" /><testcase classname="tests.backend_test.TestCloseAndCsat" name="test_close_session_and_csat" time="0.429" /><testcase classname="tests.backend_test.TestAI" name="test_ai_summarize" time="1.469" /></testsuite></testsuites>