<?xml version="1.0" encoding="utf-8"?><testsuites name="pytest tests"><testsuite name="pytest" errors="0" failures="0" skipped="0" tests="40" time="21.755" timestamp="2026-07-03T05:09:22.549223+00:00" hostname="agent-env-db8c8dfe-b217-4c04-badc-9aede97bfe33"><testcase classname="tests.backend_test.TestAuth" name="test_admin_login" time="0.368" /><testcase classname="tests.backend_test.TestAuth" name="test_agent_login" time="0.510" /><testcase classname="tests.backend_test.TestAdmin" name="test_metrics_admin" time="0.906" /><testcase classname="tests.backend_test.TestAuth" name="test_login_invalid" time="0.326" /><testcase classname="tests.backend_test.TestAdmin" name="test_metrics_forbidden_for_agent" time="0.807" /><testcase classname="tests.backend_test.TestAuth" name="test_me" time="0.606" /><testcase classname="tests.backend_test.TestAdmin" name="test_settings_get" time="0.099" /><testcase classname="tests.backend_test.TestAuth" name="test_me_no_auth" time="0.099" /><testcase classname="tests.backend_test.TestAdmin" name="test_settings_patch" time="0.098" /><testcase classname="tests.backend_test.TestAdmin" name="test_public_settings" time="0.094" /><testcase classname="tests.backend_test.TestUpload" name="test_upload_as_agent" time="0.968" /><testcase classname="tests.backend_test.TestChatSessions" name="test_create_session_public" time="0.141" /><testcase classname="tests.backend_test.TestChatSessions" name="test_list_sessions_requires_auth" time="0.418" /><testcase classname="tests.backend_test.TestChatSessions" name="test_list_sessions" time="0.533" /><testcase classname="tests.backend_test.TestChatSessions" name="test_get_session" time="0.102" /><testcase classname="tests.backend_test.TestUpload" name="test_upload_as_customer" time="0.706" /><testcase classname="tests.backend_test.TestAgents" name="test_list_agents" time="0.285" /><testcase classname="tests.backend_test.TestAgents" name="test_create_delete_by_admin" time="0.616" /><testcase classname="tests.backend_test.TestUpload" name="test_upload_disallowed_ext" time="0.230" /><testcase classname="tests.backend_test.TestUpload" name="test_upload_no_auth" time="0.104" /><testcase classname="tests.backend_test.TestAgents" name="test_create_by_non_admin_forbidden" time="0.097" /><testcase classname="tests.backend_test.TestAgents" name="test_update_status" time="0.100" /><testcase classname="tests.backend_test.TestWebSocket" name="test_ws_agent_and_customer_bidirectional" time="0.435" /><testcase classname="tests.backend_test.TestMessageOps" name="test_edit_own_message" time="0.357" /><testcase classname="tests.backend_test.TestMessageOps" name="test_edit_others_message_forbidden" time="0.112" /><testcase classname="tests.backend_test.TestMessageOps" name="test_delete_own_message" time="0.100" /><testcase classname="tests.backend_test.TestQuickReplies" name="test_list_seeded" time="0.098" /><testcase classname="tests.backend_test.TestWebSocket" name="test_ws_customer_invalid_token" time="0.162" /><testcase classname="tests.backend_test.TestQuickReplies" name="test_create_and_delete" time="0.212" /><testcase classname="tests.backend_test.TestAI" name="test_ai_suggest" time="1.836" /><testcase classname="tests.test_new_features.TestClosedChatBug" name="test_customer_send_after_close_is_rejected" time="4.404" /><testcase classname="tests.backend_test.TestAI" name="test_ai_summarize" time="2.194" /><testcase classname="tests.test_new_features.TestArchive" name="test_session_after_close_has_archived_at" time="5.057" /><testcase classname="tests.test_new_features.TestClosedChatBug" name="test_customer_ws_on_closed_session_receives_notice_on_connect" time="0.393" /><testcase classname="tests.test_new_features.TestAgentLoad" name="test_me_load" time="0.423" /><testcase classname="tests.test_new_features.TestAgentLoad" name="test_list_agents_has_counts" time="0.095" /><testcase classname="tests.test_new_features.TestTypingPreview" name="test_customer_typing_relayed_with_preview" time="0.842" /><testcase classname="tests.test_new_features.TestChatCap" name="test_auto_busy_and_no_autoassign_at_cap" time="10.130" /><testcase classname="tests.test_new_features.TestArchive" name="test_archive_search_requires_auth" time="0.103" /><testcase classname="tests.backend_test.TestCloseAndCsat" name="test_close_session_and_csat" time="0.387" /></testsuite></testsuites>